<?xml version="1.0" encoding="UTF-8"?>
<testsuite name="RequestResponseTest" tests="1" skipped="0" failures="0" errors="0" timestamp="2021-08-04T21:10:32" hostname="LAPTOP-BNAK8A6Q" time="5.551">
  <properties/>
  <testcase name="updateUserPatch()" classname="RequestResponseTest" time="5.551"/>
  <system-out><![CDATA[Request method:	PATCH
Request URI:	https://reqres.in/api/users/2
Proxy:			<none>
Request params:	<none>
Query params:	<none>
Form params:	<none>
Path params:	<none>
Headers:		Accept=*/*
				Content-Type=application/json
Cookies:		<none>
Multiparts:		<none>
Body:
{
    "name": "Daniel"
}
HTTP/1.1 200 OK
Date: Wed, 04 Aug 2021 21:10:37 GMT
Content-Type: application/json; charset=utf-8
Transfer-Encoding: chunked
Connection: keep-alive
X-Powered-By: Express
Access-Control-Allow-Origin: *
Etag: W/"38-YsLe6E2TTTecAAGxftGD4kaJ6nY"
Via: 1.1 vegur
CF-Cache-Status: DYNAMIC
Expect-CT: max-age=604800, report-uri="https://report-uri.cloudflare.com/cdn-cgi/beacon/expect-ct"
Report-To: {"endpoints":[{"url":"https:\/\/a.nel.cloudflare.com\/report\/v3?s=iJnt1EQoWbjbX949Qp8Z%2FKA6wdEZhez81PCCwgWX%2BQsZFcuiR90xsuOgoZLVaaLYY%2FGn5uJM9LMOKmbALiZEuaaXlsbpPnNP9cNM6wbCmyj3MAigJky5t2fOgtg%3D"}],"group":"cf-nel","max_age":604800}
NEL: {"success_fraction":0,"report_to":"cf-nel","max_age":604800}
Server: cloudflare
CF-RAY: 679ac6026e5309fa-MIA
Content-Encoding: gzip
alt-svc: h3-27=":443"; ma=86400, h3-28=":443"; ma=86400, h3-29=":443"; ma=86400, h3=":443"; ma=86400

{
    "name": "Daniel",
    "updatedAt": "2021-08-04T21:10:37.406Z"
}
]]></system-out>
  <system-err><![CDATA[]]></system-err>
</testsuite>
